<?xml version="1.0" encoding="UTF-8"?>
<!-- Generated by org.testng.reporters.JUnitReportReporter -->
<testsuite hostname="VJPC045" name="myToolsTestNG.ProjectTaskManagerResources" tests="1" failures="0" timestamp="7 May 2014 10:33:13 GMT" time="10169.579" errors="0">
  <testcase name="test_Browser" time="10169.579" classname="myToolsTestNG.ProjectTaskManagerResources"/>
</testsuite> <!-- myToolsTestNG.ProjectTaskManagerResources -->
