<?xml version="1.0" encoding="UTF-8"?>
<!-- Generated by org.testng.reporters.JUnitReportReporter -->
<testsuite hostname="VJPC045" name="myToolsTestNG.SimpleSeleniumTest" tests="1" failures="0" timestamp="1 Oct 2014 05:16:35 GMT" time="36.767" errors="0">
  <testcase name="test_Browser" time="36.767" classname="myToolsTestNG.SimpleSeleniumTest"/>
</testsuite> <!-- myToolsTestNG.SimpleSeleniumTest -->
