<?xml version="1.0" encoding="UTF-8"?>
<!-- Generated by org.testng.reporters.JUnitReportReporter -->
<testsuite hostname="VJPC045" name="myToolsTestNG.SocialMediaResources" tests="1" failures="1" timestamp="1 Oct 2014 04:15:46 GMT" time="0.001" errors="0">
  <testcase name="test_Browser" time="0.001" classname="myToolsTestNG.SocialMediaResources">
    <failure type="org.openqa.selenium.WebDriverException" message="Failed to connect to binary FirefoxBinary(C:\Program Files (x86)\Mozilla Firefox\firefox.exe) on port 7055; process output follows: 
r\\extensions\\{972ce4c6-7e08-4474-a285-3208198ce6fd}&quot;,&quot;mtime&quot;:1411524482676,&quot;rdfTime&quot;:1411524482361}}},{&quot;name&quot;:&quot;app-profile&quot;,&quot;addons&quot;:{&quot;fxdriver@googlecode.com&quot;:{&quot;descriptor&quot;:&quot;C:\\Users\\kchen\\AppData\\Local\\Temp\\anonymous5905324903670152661webdriver-profile\\extensions\\fxdriver@googlecode.com&quot;,&quot;mtime&quot;:1412136882716,&quot;rdfTime&quot;:1412136882389}}}]
1412136885763	addons.xpi-utils	DEBUG	Opening XPI database C:\Users\kchen\AppData\Local\Temp\anonymous5905324903670152661webdriver-profile\extensions.json
1412136885764	addons.xpi	DEBUG	New add-on fxdriver@googlecode.com installed in app-profile
*** Blocklist::_loadBlocklistFromFile: blocklist is disabled
1412136886361	addons.xpi-utils	DEBUG	Make addon app-profile:fxdriver@googlecode.com visible
1412136886362	DeferredSave.extensions.json	DEBUG	Save changes
1412136886362	DeferredSave.extensions.json	DEBUG	Save changes
1412136886363	addons.xpi	DEBUG	New add-on {972ce4c6-7e08-4474-a285-3208198ce6fd} installed in app-global
1412136886365	addons.xpi-utils	DEBUG	Make addon app-global:{972ce4c6-7e08-4474-a285-3208198ce6fd} visible
1412136886365	DeferredSave.extensions.json	DEBUG	Save changes
1412136886365	DeferredSave.extensions.json	DEBUG	Save changes
1412136886365	addons.xpi	DEBUG	New add-on fiddlerhook@fiddler2.com installed in winreg-app-global
1412136886369	addons.xpi-utils	DEBUG	Make addon winreg-app-global:fiddlerhook@fiddler2.com visible
1412136886370	DeferredSave.extensions.json	DEBUG	Save changes
1412136886370	DeferredSave.extensions.json	DEBUG	Save changes
1412136886370	addons.xpi	DEBUG	New add-on aeffagent@dynatrace.com installed in winreg-app-global
1412136886403	addons.xpi-utils	DEBUG	Make addon winreg-app-global:aeffagent@dynatrace.com visible
1412136886403	DeferredSave.extensions.json	DEBUG	Save changes
1412136886403	DeferredSave.extensions.json	DEBUG	Save changes
1412136886414	addons.xpi	DEBUG	Updating database with changes to installed add-ons
1412136886414	addons.xpi-utils	DEBUG	Updating add-on states
1412136886415	addons.xpi-utils	DEBUG	Writing add-ons list
1412136897871	DeferredSave.extensions.json	DEBUG	Starting timer
1412136897914	DeferredSave.extensions.json	DEBUG	Starting write
1412136898122	addons.manager	DEBUG	shutdown
1412136898124	addons.xpi	DEBUG	shutdown
1412136898125	addons.xpi-utils	DEBUG	shutdown
1412136898157	DeferredSave.extensions.json	DEBUG	Write succeeded
1412136898157	addons.xpi-utils	DEBUG	XPI Database saved, setting schema version preference to 16
1412136898157	addons.xpi	DEBUG	Notifying XPI shutdown observers
1412136898183	addons.manager	DEBUG	Async provider shutdown done
1412136903381	addons.manager	DEBUG	Loaded provider scope for resource://gre/modules/addons/XPIProvider.jsm: [&quot;XPIProvider&quot;]
1412136903383	addons.manager	DEBUG	Loaded provider scope for resource://gre/modules/LightweightThemeManager.jsm: [&quot;LightweightThemeManager&quot;]
1412136903384	addons.xpi	DEBUG	startup
1412136903384	addons.xpi	INFO	Mapping fiddlerhook@fiddler2.com to C:\Program Files (x86)\Fiddler2\FiddlerHook
1412136903385	addons.xpi	INFO	Mapping aeffagent@dynatrace.com to C:\Program Files (x86)\dynaTrace\dynaTrace AJAX Edition 3.6\client\lib\aeffagent@dynatrace.com
1412136903385	addons.xpi	DEBUG	Skipping unavailable install location app-system-local
1412136903385	addons.xpi	DEBUG	Skipping unavailable install location app-system-share
1412136903385	addons.xpi	INFO	Mapping {972ce4c6-7e08-4474-a285-3208198ce6fd} to C:\Program Files (x86)\Mozilla Firefox\browser\extensions\{972ce4c6-7e08-4474-a285-3208198ce6fd}
1412136903386	addons.xpi	INFO	Mapping fxdriver@googlecode.com to C:\Users\kchen\AppData\Local\Temp\anonymous5905324903670152661webdriver-profile\extensions\fxdriver@googlecode.com
1412136903386	addons.xpi	DEBUG	Ignoring file entry whose name is not a valid add-on ID: C:\Users\kchen\AppData\Local\Temp\anonymous5905324903670152661webdriver-profile\extensions\webdriver-staging
1412136903387	addons.xpi	DEBUG	checkForChanges
1412136903401	addons.xpi	DEBUG	No changes found
*** Blocklist::_preloadBlocklistFile: blocklist is disabled

Build info: version: &#039;2.38.0&#039;, revision: &#039;bd32d4e7247a32d801b3d2d4f84a4e7384300378&#039;, time: &#039;2013-12-05 09:01:37&#039;
System info: host: &#039;VJPC045&#039;, ip: &#039;10.71.21.6&#039;, os.name: &#039;Windows 7&#039;, os.arch: &#039;amd64&#039;, os.version: &#039;6.1&#039;, java.version: &#039;1.7.0_60&#039;
Driver info: driver.version: FirefoxDriver">
      <![CDATA[org.openqa.selenium.WebDriverException: Failed to connect to binary FirefoxBinary(C:\Program Files (x86)\Mozilla Firefox\firefox.exe) on port 7055; process output follows: 
r\\extensions\\{972ce4c6-7e08-4474-a285-3208198ce6fd}","mtime":1411524482676,"rdfTime":1411524482361}}},{"name":"app-profile","addons":{"fxdriver@googlecode.com":{"descriptor":"C:\\Users\\kchen\\AppData\\Local\\Temp\\anonymous5905324903670152661webdriver-profile\\extensions\\fxdriver@googlecode.com","mtime":1412136882716,"rdfTime":1412136882389}}}]
1412136885763	addons.xpi-utils	DEBUG	Opening XPI database C:\Users\kchen\AppData\Local\Temp\anonymous5905324903670152661webdriver-profile\extensions.json
1412136885764	addons.xpi	DEBUG	New add-on fxdriver@googlecode.com installed in app-profile
*** Blocklist::_loadBlocklistFromFile: blocklist is disabled
1412136886361	addons.xpi-utils	DEBUG	Make addon app-profile:fxdriver@googlecode.com visible
1412136886362	DeferredSave.extensions.json	DEBUG	Save changes
1412136886362	DeferredSave.extensions.json	DEBUG	Save changes
1412136886363	addons.xpi	DEBUG	New add-on {972ce4c6-7e08-4474-a285-3208198ce6fd} installed in app-global
1412136886365	addons.xpi-utils	DEBUG	Make addon app-global:{972ce4c6-7e08-4474-a285-3208198ce6fd} visible
1412136886365	DeferredSave.extensions.json	DEBUG	Save changes
1412136886365	DeferredSave.extensions.json	DEBUG	Save changes
1412136886365	addons.xpi	DEBUG	New add-on fiddlerhook@fiddler2.com installed in winreg-app-global
1412136886369	addons.xpi-utils	DEBUG	Make addon winreg-app-global:fiddlerhook@fiddler2.com visible
1412136886370	DeferredSave.extensions.json	DEBUG	Save changes
1412136886370	DeferredSave.extensions.json	DEBUG	Save changes
1412136886370	addons.xpi	DEBUG	New add-on aeffagent@dynatrace.com installed in winreg-app-global
1412136886403	addons.xpi-utils	DEBUG	Make addon winreg-app-global:aeffagent@dynatrace.com visible
1412136886403	DeferredSave.extensions.json	DEBUG	Save changes
1412136886403	DeferredSave.extensions.json	DEBUG	Save changes
1412136886414	addons.xpi	DEBUG	Updating database with changes to installed add-ons
1412136886414	addons.xpi-utils	DEBUG	Updating add-on states
1412136886415	addons.xpi-utils	DEBUG	Writing add-ons list
1412136897871	DeferredSave.extensions.json	DEBUG	Starting timer
1412136897914	DeferredSave.extensions.json	DEBUG	Starting write
1412136898122	addons.manager	DEBUG	shutdown
1412136898124	addons.xpi	DEBUG	shutdown
1412136898125	addons.xpi-utils	DEBUG	shutdown
1412136898157	DeferredSave.extensions.json	DEBUG	Write succeeded
1412136898157	addons.xpi-utils	DEBUG	XPI Database saved, setting schema version preference to 16
1412136898157	addons.xpi	DEBUG	Notifying XPI shutdown observers
1412136898183	addons.manager	DEBUG	Async provider shutdown done
1412136903381	addons.manager	DEBUG	Loaded provider scope for resource://gre/modules/addons/XPIProvider.jsm: ["XPIProvider"]
1412136903383	addons.manager	DEBUG	Loaded provider scope for resource://gre/modules/LightweightThemeManager.jsm: ["LightweightThemeManager"]
1412136903384	addons.xpi	DEBUG	startup
1412136903384	addons.xpi	INFO	Mapping fiddlerhook@fiddler2.com to C:\Program Files (x86)\Fiddler2\FiddlerHook
1412136903385	addons.xpi	INFO	Mapping aeffagent@dynatrace.com to C:\Program Files (x86)\dynaTrace\dynaTrace AJAX Edition 3.6\client\lib\aeffagent@dynatrace.com
1412136903385	addons.xpi	DEBUG	Skipping unavailable install location app-system-local
1412136903385	addons.xpi	DEBUG	Skipping unavailable install location app-system-share
1412136903385	addons.xpi	INFO	Mapping {972ce4c6-7e08-4474-a285-3208198ce6fd} to C:\Program Files (x86)\Mozilla Firefox\browser\extensions\{972ce4c6-7e08-4474-a285-3208198ce6fd}
1412136903386	addons.xpi	INFO	Mapping fxdriver@googlecode.com to C:\Users\kchen\AppData\Local\Temp\anonymous5905324903670152661webdriver-profile\extensions\fxdriver@googlecode.com
1412136903386	addons.xpi	DEBUG	Ignoring file entry whose name is not a valid add-on ID: C:\Users\kchen\AppData\Local\Temp\anonymous5905324903670152661webdriver-profile\extensions\webdriver-staging
1412136903387	addons.xpi	DEBUG	checkForChanges
1412136903401	addons.xpi	DEBUG	No changes found
*** Blocklist::_preloadBlocklistFile: blocklist is disabled

Build info: version: '2.38.0', revision: 'bd32d4e7247a32d801b3d2d4f84a4e7384300378', time: '2013-12-05 09:01:37'
System info: host: 'VJPC045', ip: '10.71.21.6', os.name: 'Windows 7', os.arch: 'amd64', os.version: '6.1', java.version: '1.7.0_60'
Driver info: driver.version: FirefoxDriver
	at org.openqa.selenium.firefox.internal.NewProfileExtensionConnection.start(NewProfileExtensionConnection.java:130)
	at org.openqa.selenium.firefox.FirefoxDriver.startClient(FirefoxDriver.java:250)
	at org.openqa.selenium.remote.RemoteWebDriver.<init>(RemoteWebDriver.java:110)
	at org.openqa.selenium.firefox.FirefoxDriver.<init>(FirefoxDriver.java:195)
	at org.openqa.selenium.firefox.FirefoxDriver.<init>(FirefoxDriver.java:190)
	at org.openqa.selenium.firefox.FirefoxDriver.<init>(FirefoxDriver.java:186)
	at org.openqa.selenium.firefox.FirefoxDriver.<init>(FirefoxDriver.java:99)
	at myToolsTestNG.SocialMediaResources.setUp(SocialMediaResources.java:97)
	at sun.reflect.NativeMethodAccessorImpl.invoke0(Native Method)
	at sun.reflect.NativeMethodAccessorImpl.invoke(Unknown Source)
	at sun.reflect.DelegatingMethodAccessorImpl.invoke(Unknown Source)
	at java.lang.reflect.Method.invoke(Unknown Source)
	at org.testng.internal.MethodInvocationHelper.invokeMethod(MethodInvocationHelper.java:84)
	at org.testng.internal.Invoker.invokeConfigurationMethod(Invoker.java:564)
	at org.testng.internal.Invoker.invokeConfigurations(Invoker.java:213)
	at org.testng.internal.Invoker.invokeMethod(Invoker.java:653)
	at org.testng.internal.Invoker.invokeTestMethod(Invoker.java:901)
	at org.testng.internal.Invoker.invokeTestMethods(Invoker.java:1231)
	at org.testng.internal.TestMethodWorker.invokeTestMethods(TestMethodWorker.java:127)
	at org.testng.internal.TestMethodWorker.run(TestMethodWorker.java:111)
	at org.testng.TestRunner.privateRun(TestRunner.java:767)
	at org.testng.TestRunner.run(TestRunner.java:617)
	at org.testng.SuiteRunner.runTest(SuiteRunner.java:334)
	at org.testng.SuiteRunner.runSequentially(SuiteRunner.java:329)
	at org.testng.SuiteRunner.privateRun(SuiteRunner.java:291)
	at org.testng.SuiteRunner.run(SuiteRunner.java:240)
	at org.testng.SuiteRunnerWorker.runSuite(SuiteRunnerWorker.java:52)
	at org.testng.SuiteRunnerWorker.run(SuiteRunnerWorker.java:86)
	at org.testng.TestNG.runSuitesSequentially(TestNG.java:1224)
	at org.testng.TestNG.runSuitesLocally(TestNG.java:1149)
	at org.testng.TestNG.run(TestNG.java:1057)
	at org.testng.remote.RemoteTestNG.run(RemoteTestNG.java:111)
	at org.testng.remote.RemoteTestNG.initAndRun(RemoteTestNG.java:204)
	at org.testng.remote.RemoteTestNG.main(RemoteTestNG.java:175)
Caused by: org.openqa.selenium.firefox.NotConnectedException: Unable to connect to host 127.0.0.1 on port 7055 after 45000 ms. Firefox console output:
r\\extensions\\{972ce4c6-7e08-4474-a285-3208198ce6fd}","mtime":1411524482676,"rdfTime":1411524482361}}},{"name":"app-profile","addons":{"fxdriver@googlecode.com":{"descriptor":"C:\\Users\\kchen\\AppData\\Local\\Temp\\anonymous5905324903670152661webdriver-profile\\extensions\\fxdriver@googlecode.com","mtime":1412136882716,"rdfTime":1412136882389}}}]
1412136885763	addons.xpi-utils	DEBUG	Opening XPI database C:\Users\kchen\AppData\Local\Temp\anonymous5905324903670152661webdriver-profile\extensions.json
1412136885764	addons.xpi	DEBUG	New add-on fxdriver@googlecode.com installed in app-profile
*** Blocklist::_loadBlocklistFromFile: blocklist is disabled
1412136886361	addons.xpi-utils	DEBUG	Make addon app-profile:fxdriver@googlecode.com visible
1412136886362	DeferredSave.extensions.json	DEBUG	Save changes
1412136886362	DeferredSave.extensions.json	DEBUG	Save changes
1412136886363	addons.xpi	DEBUG	New add-on {972ce4c6-7e08-4474-a285-3208198ce6fd} installed in app-global
1412136886365	addons.xpi-utils	DEBUG	Make addon app-global:{972ce4c6-7e08-4474-a285-3208198ce6fd} visible
1412136886365	DeferredSave.extensions.json	DEBUG	Save changes
1412136886365	DeferredSave.extensions.json	DEBUG	Save changes
1412136886365	addons.xpi	DEBUG	New add-on fiddlerhook@fiddler2.com installed in winreg-app-global
1412136886369	addons.xpi-utils	DEBUG	Make addon winreg-app-global:fiddlerhook@fiddler2.com visible
1412136886370	DeferredSave.extensions.json	DEBUG	Save changes
1412136886370	DeferredSave.extensions.json	DEBUG	Save changes
1412136886370	addons.xpi	DEBUG	New add-on aeffagent@dynatrace.com installed in winreg-app-global
1412136886403	addons.xpi-utils	DEBUG	Make addon winreg-app-global:aeffagent@dynatrace.com visible
1412136886403	DeferredSave.extensions.json	DEBUG	Save changes
1412136886403	DeferredSave.extensions.json	DEBUG	Save changes
1412136886414	addons.xpi	DEBUG	Updating database with changes to installed add-ons
1412136886414	addons.xpi-utils	DEBUG	Updating add-on states
1412136886415	addons.xpi-utils	DEBUG	Writing add-ons list
1412136897871	DeferredSave.extensions.json	DEBUG	Starting timer
1412136897914	DeferredSave.extensions.json	DEBUG	Starting write
1412136898122	addons.manager	DEBUG	shutdown
1412136898124	addons.xpi	DEBUG	shutdown
1412136898125	addons.xpi-utils	DEBUG	shutdown
1412136898157	DeferredSave.extensions.json	DEBUG	Write succeeded
1412136898157	addons.xpi-utils	DEBUG	XPI Database saved, setting schema version preference to 16
1412136898157	addons.xpi	DEBUG	Notifying XPI shutdown observers
1412136898183	addons.manager	DEBUG	Async provider shutdown done
1412136903381	addons.manager	DEBUG	Loaded provider scope for resource://gre/modules/addons/XPIProvider.jsm: ["XPIProvider"]
1412136903383	addons.manager	DEBUG	Loaded provider scope for resource://gre/modules/LightweightThemeManager.jsm: ["LightweightThemeManager"]
1412136903384	addons.xpi	DEBUG	startup
1412136903384	addons.xpi	INFO	Mapping fiddlerhook@fiddler2.com to C:\Program Files (x86)\Fiddler2\FiddlerHook
1412136903385	addons.xpi	INFO	Mapping aeffagent@dynatrace.com to C:\Program Files (x86)\dynaTrace\dynaTrace AJAX Edition 3.6\client\lib\aeffagent@dynatrace.com
1412136903385	addons.xpi	DEBUG	Skipping unavailable install location app-system-local
1412136903385	addons.xpi	DEBUG	Skipping unavailable install location app-system-share
1412136903385	addons.xpi	INFO	Mapping {972ce4c6-7e08-4474-a285-3208198ce6fd} to C:\Program Files (x86)\Mozilla Firefox\browser\extensions\{972ce4c6-7e08-4474-a285-3208198ce6fd}
1412136903386	addons.xpi	INFO	Mapping fxdriver@googlecode.com to C:\Users\kchen\AppData\Local\Temp\anonymous5905324903670152661webdriver-profile\extensions\fxdriver@googlecode.com
1412136903386	addons.xpi	DEBUG	Ignoring file entry whose name is not a valid add-on ID: C:\Users\kchen\AppData\Local\Temp\anonymous5905324903670152661webdriver-profile\extensions\webdriver-staging
1412136903387	addons.xpi	DEBUG	checkForChanges
1412136903401	addons.xpi	DEBUG	No changes found
*** Blocklist::_preloadBlocklistFile: blocklist is disabled

	at org.openqa.selenium.firefox.internal.NewProfileExtensionConnection.start(NewProfileExtensionConnection.java:118)
	... 33 more
]]>
    </failure>
  </testcase> <!-- test_Browser -->
</testsuite> <!-- myToolsTestNG.SocialMediaResources -->
