<?xml version="1.0" encoding="UTF-8"?>
<!-- Generated by org.testng.reporters.JUnitReportReporter -->
<testsuite hostname="VJPC186" name="myToolsTestNG.ScreenshotForms_HNZ" tests="6" failures="0" timestamp="23 Sep 2013 03:59:37 GMT" time="106.372" errors="0">
  <testcase name="E_Test_Bluetooth" time="10.932" classname="myToolsTestNG.ScreenshotForms_HNZ"/>
  <testcase name="F_Test_ViewBrochures" time="19.786" classname="myToolsTestNG.ScreenshotForms_HNZ"/>
  <testcase name="C_Test_GetQuote" time="29.102" classname="myToolsTestNG.ScreenshotForms_HNZ"/>
  <testcase name="A_Test_BuildPrice" time="16.848" classname="myToolsTestNG.ScreenshotForms_HNZ"/>
  <testcase name="B_Test_RequestTestDrive" time="12.841" classname="myToolsTestNG.ScreenshotForms_HNZ"/>
  <testcase name="D_Test_Mylink" time="16.863" classname="myToolsTestNG.ScreenshotForms_HNZ"/>
</testsuite> <!-- myToolsTestNG.ScreenshotForms_HNZ -->
