<?xml version="1.0" encoding="UTF-8"?>
<!-- Generated by org.testng.reporters.JUnitReportReporter -->
<testsuite hostname="VJPC186" name="myToolsTestNG.ScreenshotPageCrawlerComplete" tests="1" failures="0" timestamp="20 Nov 2013 06:51:51 GMT" time="362.215" errors="0">
  <testcase name="Test_Browser" time="362.215" classname="myToolsTestNG.ScreenshotPageCrawlerComplete"/>
</testsuite> <!-- myToolsTestNG.ScreenshotPageCrawlerComplete -->
