<?xml version="1.0" encoding="UTF-8"?>
<!-- Generated by org.testng.reporters.JUnitReportReporter -->
<testsuite hostname="VJPC186" name="myToolsTestNG.ScreenShotBuildYourCar" tests="1" failures="0" timestamp="9 Oct 2013 03:40:45 GMT" time="15.947" errors="0">
  <testcase name="A_Test_BuildPrice" time="15.947" classname="myToolsTestNG.ScreenShotBuildYourCar"/>
</testsuite> <!-- myToolsTestNG.ScreenShotBuildYourCar -->
